<?xml version="1.0" encoding="UTF-8"?>
<!-- Generated by org.testng.reporters.JUnitReportReporter -->
<testsuite ignored="0" hostname="GERARDOMURILLO" failures="0" tests="1" name="pruebaSelenium.ClasePrueba" time="6.033" errors="0" timestamp="30 Sep 2023 16:39:35 GMT" skipped="0">
  <testcase classname="pruebaSelenium.ClasePrueba" name="f" time="6.033"/>
</testsuite> <!-- pruebaSelenium.ClasePrueba -->
